This is XeTeX, Version 3.1415926-2.3-0.9997.5 (MiKTeX 2.9) (preloaded format=xelatex 2014.12.8)  23 DEC 2014 20:11
entering extended mode
**chapter02.tex

(C:\Users\liuzp\Desktop\毕业相关\zuopengl_thesis\liuzp--学位论文\liuzp-
sjtu\body\chapter02.tex
LaTeX2e <2011/06/27>
Babel <v3.8m> and hyphenation patterns for loaded.
! Undefined control sequence.
l.14 \chapter
             {对称可搜索加密技术}
? 
! Emergency stop.
l.14 \chapter
             {对称可搜索加密技术}
End of file on the terminal!

 
Here is how much of TeX's memory you used:
 5 strings out of 430478
 129 string characters out of 3191502
 44928 words of memory out of 3000000
 3235 multiletter control sequences out of 15000+200000
 3640 words of font info for 14 fonts, out of 3000000 for 9000
 14 hyphenation exceptions out of 8191
 5i,0n,1p,69b,8s stack positions out of 5000i,500n,10000p,200000b,50000s
No pages of output.